<?xml version="1.0" encoding="UTF-8"?>
<!-- Generated by org.testng.reporters.JUnitXMLReporter -->
<testsuite hostname="CSINLPTP30" ignored="0" name="Default test" tests="5" failures="0" timestamp="13 Dec 2019 03:01:48 GMT" time="67.676" errors="0">
  <testcase name="test1" time="20.667" classname="myproject.ExcelDataPro"/>
  <testcase name="test1" time="11.9" classname="myproject.ExcelDataPro"/>
  <testcase name="test1" time="11.129" classname="myproject.ExcelDataPro"/>
  <testcase name="test1" time="12.61" classname="myproject.ExcelDataPro"/>
  <testcase name="test1" time="10.658" classname="myproject.ExcelDataPro"/>
</testsuite> <!-- Default test -->
