<?xml version="1.0" encoding="UTF-8"?>
<testng-results skipped="0" failed="0" ignored="0" total="5" passed="5">
  <reporter-output>
  </reporter-output>
  <suite name="Default suite" duration-ms="67676" started-at="2019-12-13T03:00:41Z" finished-at="2019-12-13T03:01:48Z">
    <groups>
    </groups>
    <test name="Default test" duration-ms="67676" started-at="2019-12-13T03:00:41Z" finished-at="2019-12-13T03:01:48Z">
      <class name="myproject.ExcelDataPro">
        <test-method status="PASS" signature="test1(java.lang.String, java.lang.String)[pri:0, instance:myproject.ExcelDataPro@1d371b2d]" name="test1" duration-ms="20667" started-at="2019-12-13T03:00:41Z" data-provider="test1Data" finished-at="2019-12-13T03:01:02Z">
          <params>
            <param index="0">
              <value>
                <![CDATA[admin]]>
              </value>
            </param>
            <param index="1">
              <value>
                <![CDATA[admin123]]>
              </value>
            </param>
          </params>
          <reporter-output>
          </reporter-output>
        </test-method> <!-- test1 -->
        <test-method status="PASS" signature="test1(java.lang.String, java.lang.String)[pri:0, instance:myproject.ExcelDataPro@1d371b2d]" name="test1" duration-ms="11900" started-at="2019-12-13T03:01:02Z" data-provider="test1Data" finished-at="2019-12-13T03:01:14Z">
          <params>
            <param index="0">
              <value>
                <![CDATA[admin1]]>
              </value>
            </param>
            <param index="1">
              <value>
                <![CDATA[admin1234]]>
              </value>
            </param>
          </params>
          <reporter-output>
          </reporter-output>
        </test-method> <!-- test1 -->
        <test-method status="PASS" signature="test1(java.lang.String, java.lang.String)[pri:0, instance:myproject.ExcelDataPro@1d371b2d]" name="test1" duration-ms="11129" started-at="2019-12-13T03:01:14Z" data-provider="test1Data" finished-at="2019-12-13T03:01:25Z">
          <params>
            <param index="0">
              <value>
                <![CDATA[admin2]]>
              </value>
            </param>
            <param index="1">
              <value>
                <![CDATA[admin12345]]>
              </value>
            </param>
          </params>
          <reporter-output>
          </reporter-output>
        </test-method> <!-- test1 -->
        <test-method status="PASS" signature="test1(java.lang.String, java.lang.String)[pri:0, instance:myproject.ExcelDataPro@1d371b2d]" name="test1" duration-ms="12610" started-at="2019-12-13T03:01:25Z" data-provider="test1Data" finished-at="2019-12-13T03:01:38Z">
          <params>
            <param index="0">
              <value>
                <![CDATA[admin3]]>
              </value>
            </param>
            <param index="1">
              <value>
                <![CDATA[admin123456]]>
              </value>
            </param>
          </params>
          <reporter-output>
          </reporter-output>
        </test-method> <!-- test1 -->
        <test-method status="PASS" signature="test1(java.lang.String, java.lang.String)[pri:0, instance:myproject.ExcelDataPro@1d371b2d]" name="test1" duration-ms="10658" started-at="2019-12-13T03:01:38Z" data-provider="test1Data" finished-at="2019-12-13T03:01:48Z">
          <params>
            <param index="0">
              <value>
                <![CDATA[admin4]]>
              </value>
            </param>
            <param index="1">
              <value>
                <![CDATA[admin1234567]]>
              </value>
            </param>
          </params>
          <reporter-output>
          </reporter-output>
        </test-method> <!-- test1 -->
      </class> <!-- myproject.ExcelDataPro -->
    </test> <!-- Default test -->
  </suite> <!-- Default suite -->
</testng-results>
